<?xml version="1.0" encoding="UTF-8"?>
<!-- Generated by org.testng.reporters.JUnitXMLReporter -->
<testsuite ignored="0" hostname="mxy-PC" failures="2" tests="2" name="sureorder" time="43.252" errors="0" timestamp="22 12月 2022 07:58:30 GMT">
  <testcase classname="imooc.runcase.SureSubmitCase" name="LoginSureSubmit" time="0.153">
    <failure type="org.openqa.selenium.InvalidCookieDomainException" message=".imooc.com
Build info: version: &amp;apos;3.5.1&amp;apos;, revision: &amp;apos;9c21bb67ef&amp;apos;, time: &amp;apos;2017-08-17T15:26:08.955Z&amp;apos;
System info: host: &amp;apos;MXY-PC&amp;apos;, ip: &amp;apos;192.168.88.28&amp;apos;, os.name: &amp;apos;Windows 7&amp;apos;, os.arch: &amp;apos;amd64&amp;apos;, os.version: &amp;apos;6.1&amp;apos;, java.version: &amp;apos;11&amp;apos;
Driver info: org.openqa.selenium.firefox.FirefoxDriver
Capabilities [{moz:profile=C:\Users\mxy\AppData\Local\Temp\rust_mozprofile.fUrY0xiq0U8h, rotatable=false, timeouts={implicit=0.0, pageLoad=300000.0, script=30000.0}, pageLoadStrategy=normal, moz:headless=false, platform=ANY, moz:accessibilityChecks=false, acceptInsecureCerts=false, browserVersion=57.0, platformVersion=6.1, moz:processID=9056.0, browserName=firefox, javascriptEnabled=true, platformName=windows_nt, moz:webdriverClick=false}]
Session ID: 00ae05c0-f06e-4495-bba7-ba9ba23a01fe">
      <![CDATA[org.openqa.selenium.InvalidCookieDomainException: .imooc.com
Build info: version: '3.5.1', revision: '9c21bb67ef', time: '2017-08-17T15:26:08.955Z'
System info: host: 'MXY-PC', ip: '192.168.88.28', os.name: 'Windows 7', os.arch: 'amd64', os.version: '6.1', java.version: '11'
Driver info: org.openqa.selenium.firefox.FirefoxDriver
Capabilities [{moz:profile=C:\Users\mxy\AppData\Local\Temp\rust_mozprofile.fUrY0xiq0U8h, rotatable=false, timeouts={implicit=0.0, pageLoad=300000.0, script=30000.0}, pageLoadStrategy=normal, moz:headless=false, platform=ANY, moz:accessibilityChecks=false, acceptInsecureCerts=false, browserVersion=57.0, platformVersion=6.1, moz:processID=9056.0, browserName=firefox, javascriptEnabled=true, platformName=windows_nt, moz:webdriverClick=false}]
Session ID: 00ae05c0-f06e-4495-bba7-ba9ba23a01fe
	at org.openqa.selenium.remote.http.W3CHttpResponseCodec.createException(W3CHttpResponseCodec.java:185)
	at org.openqa.selenium.remote.http.W3CHttpResponseCodec.decode(W3CHttpResponseCodec.java:120)
	at org.openqa.selenium.remote.http.W3CHttpResponseCodec.decode(W3CHttpResponseCodec.java:49)
	at org.openqa.selenium.remote.HttpCommandExecutor.execute(HttpCommandExecutor.java:164)
	at org.openqa.selenium.remote.service.DriverCommandExecutor.execute(DriverCommandExecutor.java:82)
	at org.openqa.selenium.remote.RemoteWebDriver.execute(RemoteWebDriver.java:641)
	at org.openqa.selenium.remote.RemoteWebDriver$RemoteWebDriverOptions.addCookie(RemoteWebDriver.java:768)
	at imooc.handle.SureSubmitHandle.SetUserCookie(SureSubmitHandle.java:32)
	at imooc.runcase.SureSubmitCase.LoginSureSubmit(SureSubmitCase.java:44)
... Removed 33 stack frames]]>
    </failure>
  </testcase> <!-- LoginSureSubmit -->
  <testcase classname="imooc.runcase.SureSubmitCase" name="SureSubmit" time="1.756">
    <failure type="junit.framework.AssertionFailedError" message="expected:&amp;lt;false&amp;gt; but was:&amp;lt;true&amp;gt;">
      <![CDATA[junit.framework.AssertionFailedError: expected:<false> but was:<true>
	at junit.framework.Assert.fail(Assert.java:47)
	at junit.framework.Assert.failNotEquals(Assert.java:282)
	at junit.framework.Assert.assertEquals(Assert.java:64)
	at junit.framework.Assert.assertEquals(Assert.java:149)
	at junit.framework.Assert.assertEquals(Assert.java:155)
	at imooc.runcase.SureSubmitCase.SureSubmit(SureSubmitCase.java:65)
... Removed 29 stack frames]]>
    </failure>
  </testcase> <!-- SureSubmit -->
</testsuite> <!-- sureorder -->
