<?xml version="1.0" encoding="UTF-8"?>
<testng-results ignored="1" total="4" passed="1" failed="2" skipped="0">
  <reporter-output>
  </reporter-output>
  <suite started-at="2022-12-22T07:56:28Z" name="Suite" finished-at="2022-12-22T07:58:30Z" duration-ms="122201">
    <groups>
    </groups>
    <test started-at="2022-12-22T07:56:28Z" name="Test1" finished-at="2022-12-22T07:56:28Z" duration-ms="74">
    </test> <!-- Test1 -->
    <test started-at="2022-12-22T07:56:29Z" name="Test" finished-at="2022-12-22T07:57:47Z" duration-ms="78188">
      <class name="imooc.runcase.LoginCase">
        <test-method is-config="true" signature="beforeClass(java.lang.String)[pri:0, instance:imooc.runcase.LoginCase@59d4cd39]" started-at="2022-12-22T15:56:29Z" name="beforeClass" finished-at="2022-12-22T15:57:36Z" duration-ms="67232" status="PASS">
          <params>
            <param index="0">
              <value>
                <![CDATA[https://www.imooc.com/user/newlogin/form_url/1005/, gecko]]>
              </value>
            </param>
          </params>
          <reporter-output>
          </reporter-output>
        </test-method> <!-- beforeClass -->
        <test-method signature="TestLoginSucess(java.lang.String, java.lang.String)[pri:0, instance:imooc.runcase.LoginCase@59d4cd39]" started-at="2022-12-22T15:57:36Z" name="TestLoginSucess" finished-at="2022-12-22T15:57:46Z" duration-ms="9717" status="PASS">
          <params>
            <param index="0">
              <value>
                <![CDATA[16620816949]]>
              </value>
            </param>
            <param index="1">
              <value>
                <![CDATA[MXYmxy1994]]>
              </value>
            </param>
          </params>
          <reporter-output>
          </reporter-output>
        </test-method> <!-- TestLoginSucess -->
        <test-method is-config="true" signature="afterclass()[pri:0, instance:imooc.runcase.LoginCase@59d4cd39]" started-at="2022-12-22T15:57:46Z" name="afterclass" finished-at="2022-12-22T15:57:47Z" duration-ms="1031" status="PASS">
          <reporter-output>
          </reporter-output>
        </test-method> <!-- afterclass -->
      </class> <!-- imooc.runcase.LoginCase -->
    </test> <!-- Test -->
    <test started-at="2022-12-22T07:57:47Z" name="sureorder" finished-at="2022-12-22T07:58:30Z" duration-ms="43252">
      <class name="imooc.runcase.SureSubmitCase">
        <test-method is-config="true" signature="beforeClass(java.lang.String, java.lang.String)[pri:0, instance:imooc.runcase.SureSubmitCase@135606db]" started-at="2022-12-22T15:57:47Z" name="beforeClass" finished-at="2022-12-22T15:58:27Z" duration-ms="40627" status="PASS">
          <params>
            <param index="0">
              <value>
                <![CDATA[https://order.imooc.com/pay/confirm?goods_ids=2878&from=carts]]>
              </value>
            </param>
            <param index="1">
              <value>
                <![CDATA[gecko]]>
              </value>
            </param>
          </params>
          <reporter-output>
          </reporter-output>
        </test-method> <!-- beforeClass -->
        <test-method signature="LoginSureSubmit(java.lang.String)[pri:0, instance:imooc.runcase.SureSubmitCase@135606db]" started-at="2022-12-22T15:58:27Z" name="LoginSureSubmit" finished-at="2022-12-22T15:58:28Z" duration-ms="153" status="FAIL">
          <params>
            <param index="0">
              <value>
                <![CDATA[https://order.imooc.com/pay/confirm?goods_ids=2878&from=carts]]>
              </value>
            </param>
          </params>
          <exception class="org.openqa.selenium.InvalidCookieDomainException">
            <message>
              <![CDATA[.imooc.com
Build info: version: '3.5.1', revision: '9c21bb67ef', time: '2017-08-17T15:26:08.955Z'
System info: host: 'MXY-PC', ip: '192.168.88.28', os.name: 'Windows 7', os.arch: 'amd64', os.version: '6.1', java.version: '11'
Driver info: org.openqa.selenium.firefox.FirefoxDriver
Capabilities [{moz:profile=C:\Users\mxy\AppData\Local\Temp\rust_mozprofile.fUrY0xiq0U8h, rotatable=false, timeouts={implicit=0.0, pageLoad=300000.0, script=30000.0}, pageLoadStrategy=normal, moz:headless=false, platform=ANY, moz:accessibilityChecks=false, acceptInsecureCerts=false, browserVersion=57.0, platformVersion=6.1, moz:processID=9056.0, browserName=firefox, javascriptEnabled=true, platformName=windows_nt, moz:webdriverClick=false}]
Session ID: 00ae05c0-f06e-4495-bba7-ba9ba23a01fe]]>
            </message>
            <full-stacktrace>
              <![CDATA[org.openqa.selenium.InvalidCookieDomainException: .imooc.com
Build info: version: '3.5.1', revision: '9c21bb67ef', time: '2017-08-17T15:26:08.955Z'
System info: host: 'MXY-PC', ip: '192.168.88.28', os.name: 'Windows 7', os.arch: 'amd64', os.version: '6.1', java.version: '11'
Driver info: org.openqa.selenium.firefox.FirefoxDriver
Capabilities [{moz:profile=C:\Users\mxy\AppData\Local\Temp\rust_mozprofile.fUrY0xiq0U8h, rotatable=false, timeouts={implicit=0.0, pageLoad=300000.0, script=30000.0}, pageLoadStrategy=normal, moz:headless=false, platform=ANY, moz:accessibilityChecks=false, acceptInsecureCerts=false, browserVersion=57.0, platformVersion=6.1, moz:processID=9056.0, browserName=firefox, javascriptEnabled=true, platformName=windows_nt, moz:webdriverClick=false}]
Session ID: 00ae05c0-f06e-4495-bba7-ba9ba23a01fe
	at java.base/jdk.internal.reflect.NativeConstructorAccessorImpl.newInstance0(Native Method)
	at java.base/jdk.internal.reflect.NativeConstructorAccessorImpl.newInstance(NativeConstructorAccessorImpl.java:62)
	at java.base/jdk.internal.reflect.DelegatingConstructorAccessorImpl.newInstance(DelegatingConstructorAccessorImpl.java:45)
	at java.base/java.lang.reflect.Constructor.newInstance(Constructor.java:490)
	at org.openqa.selenium.remote.http.W3CHttpResponseCodec.createException(W3CHttpResponseCodec.java:185)
	at org.openqa.selenium.remote.http.W3CHttpResponseCodec.decode(W3CHttpResponseCodec.java:120)
	at org.openqa.selenium.remote.http.W3CHttpResponseCodec.decode(W3CHttpResponseCodec.java:49)
	at org.openqa.selenium.remote.HttpCommandExecutor.execute(HttpCommandExecutor.java:164)
	at org.openqa.selenium.remote.service.DriverCommandExecutor.execute(DriverCommandExecutor.java:82)
	at org.openqa.selenium.remote.RemoteWebDriver.execute(RemoteWebDriver.java:641)
	at org.openqa.selenium.remote.RemoteWebDriver$RemoteWebDriverOptions.addCookie(RemoteWebDriver.java:768)
	at imooc.handle.SureSubmitHandle.SetUserCookie(SureSubmitHandle.java:32)
	at imooc.runcase.SureSubmitCase.LoginSureSubmit(SureSubmitCase.java:44)
	at java.base/jdk.internal.reflect.NativeMethodAccessorImpl.invoke0(Native Method)
	at java.base/jdk.internal.reflect.NativeMethodAccessorImpl.invoke(NativeMethodAccessorImpl.java:62)
	at java.base/jdk.internal.reflect.DelegatingMethodAccessorImpl.invoke(DelegatingMethodAccessorImpl.java:43)
	at java.base/java.lang.reflect.Method.invoke(Method.java:566)
	at org.testng.internal.MethodInvocationHelper.invokeMethod(MethodInvocationHelper.java:104)
	at org.testng.internal.Invoker.invokeMethod(Invoker.java:645)
	at org.testng.internal.Invoker.invokeTestMethod(Invoker.java:851)
	at org.testng.internal.Invoker.invokeTestMethods(Invoker.java:1177)
	at org.testng.internal.TestMethodWorker.invokeTestMethods(TestMethodWorker.java:129)
	at org.testng.internal.TestMethodWorker.run(TestMethodWorker.java:112)
	at org.testng.TestRunner.privateRun(TestRunner.java:756)
	at org.testng.TestRunner.run(TestRunner.java:610)
	at org.testng.SuiteRunner.runTest(SuiteRunner.java:387)
	at org.testng.SuiteRunner.runSequentially(SuiteRunner.java:382)
	at org.testng.SuiteRunner.privateRun(SuiteRunner.java:340)
	at org.testng.SuiteRunner.run(SuiteRunner.java:289)
	at org.testng.SuiteRunnerWorker.runSuite(SuiteRunnerWorker.java:52)
	at org.testng.SuiteRunnerWorker.run(SuiteRunnerWorker.java:86)
	at org.testng.TestNG.runSuitesSequentially(TestNG.java:1293)
	at org.testng.TestNG.runSuitesLocally(TestNG.java:1218)
	at org.testng.TestNG.runSuites(TestNG.java:1133)
	at org.testng.TestNG.run(TestNG.java:1104)
	at org.apache.maven.surefire.testng.TestNGExecutor.run(TestNGExecutor.java:324)
	at org.apache.maven.surefire.testng.TestNGXmlTestSuite.execute(TestNGXmlTestSuite.java:74)
	at org.apache.maven.surefire.testng.TestNGProvider.invoke(TestNGProvider.java:123)
	at org.apache.maven.surefire.booter.ForkedBooter.runSuitesInProcess(ForkedBooter.java:456)
	at org.apache.maven.surefire.booter.ForkedBooter.execute(ForkedBooter.java:169)
	at org.apache.maven.surefire.booter.ForkedBooter.run(ForkedBooter.java:595)
	at org.apache.maven.surefire.booter.ForkedBooter.main(ForkedBooter.java:581)
]]>
            </full-stacktrace>
          </exception> <!-- org.openqa.selenium.InvalidCookieDomainException -->
          <reporter-output>
          </reporter-output>
        </test-method> <!-- LoginSureSubmit -->
        <test-method signature="SureSubmit(java.lang.String)[pri:0, instance:imooc.runcase.SureSubmitCase@135606db]" started-at="2022-12-22T15:58:28Z" name="SureSubmit" finished-at="2022-12-22T15:58:29Z" duration-ms="1756" status="FAIL">
          <params>
            <param index="0">
              <value>
                <![CDATA[https://order.imooc.com/pay/confirm?goods_ids=2878&from=carts]]>
              </value>
            </param>
          </params>
          <exception class="junit.framework.AssertionFailedError">
            <message>
              <![CDATA[expected:<false> but was:<true>]]>
            </message>
            <full-stacktrace>
              <![CDATA[junit.framework.AssertionFailedError: expected:<false> but was:<true>
	at junit.framework.Assert.fail(Assert.java:47)
	at junit.framework.Assert.failNotEquals(Assert.java:282)
	at junit.framework.Assert.assertEquals(Assert.java:64)
	at junit.framework.Assert.assertEquals(Assert.java:149)
	at junit.framework.Assert.assertEquals(Assert.java:155)
	at imooc.runcase.SureSubmitCase.SureSubmit(SureSubmitCase.java:65)
	at java.base/jdk.internal.reflect.NativeMethodAccessorImpl.invoke0(Native Method)
	at java.base/jdk.internal.reflect.NativeMethodAccessorImpl.invoke(NativeMethodAccessorImpl.java:62)
	at java.base/jdk.internal.reflect.DelegatingMethodAccessorImpl.invoke(DelegatingMethodAccessorImpl.java:43)
	at java.base/java.lang.reflect.Method.invoke(Method.java:566)
	at org.testng.internal.MethodInvocationHelper.invokeMethod(MethodInvocationHelper.java:104)
	at org.testng.internal.Invoker.invokeMethod(Invoker.java:645)
	at org.testng.internal.Invoker.invokeTestMethod(Invoker.java:851)
	at org.testng.internal.Invoker.invokeTestMethods(Invoker.java:1177)
	at org.testng.internal.TestMethodWorker.invokeTestMethods(TestMethodWorker.java:129)
	at org.testng.internal.TestMethodWorker.run(TestMethodWorker.java:112)
	at org.testng.TestRunner.privateRun(TestRunner.java:756)
	at org.testng.TestRunner.run(TestRunner.java:610)
	at org.testng.SuiteRunner.runTest(SuiteRunner.java:387)
	at org.testng.SuiteRunner.runSequentially(SuiteRunner.java:382)
	at org.testng.SuiteRunner.privateRun(SuiteRunner.java:340)
	at org.testng.SuiteRunner.run(SuiteRunner.java:289)
	at org.testng.SuiteRunnerWorker.runSuite(SuiteRunnerWorker.java:52)
	at org.testng.SuiteRunnerWorker.run(SuiteRunnerWorker.java:86)
	at org.testng.TestNG.runSuitesSequentially(TestNG.java:1293)
	at org.testng.TestNG.runSuitesLocally(TestNG.java:1218)
	at org.testng.TestNG.runSuites(TestNG.java:1133)
	at org.testng.TestNG.run(TestNG.java:1104)
	at org.apache.maven.surefire.testng.TestNGExecutor.run(TestNGExecutor.java:324)
	at org.apache.maven.surefire.testng.TestNGXmlTestSuite.execute(TestNGXmlTestSuite.java:74)
	at org.apache.maven.surefire.testng.TestNGProvider.invoke(TestNGProvider.java:123)
	at org.apache.maven.surefire.booter.ForkedBooter.runSuitesInProcess(ForkedBooter.java:456)
	at org.apache.maven.surefire.booter.ForkedBooter.execute(ForkedBooter.java:169)
	at org.apache.maven.surefire.booter.ForkedBooter.run(ForkedBooter.java:595)
	at org.apache.maven.surefire.booter.ForkedBooter.main(ForkedBooter.java:581)
]]>
            </full-stacktrace>
          </exception> <!-- junit.framework.AssertionFailedError -->
          <reporter-output>
          </reporter-output>
        </test-method> <!-- SureSubmit -->
        <test-method is-config="true" signature="afterclass()[pri:0, instance:imooc.runcase.SureSubmitCase@135606db]" started-at="2022-12-22T15:58:29Z" name="afterclass" finished-at="2022-12-22T15:58:30Z" duration-ms="664" status="PASS">
          <reporter-output>
          </reporter-output>
        </test-method> <!-- afterclass -->
      </class> <!-- imooc.runcase.SureSubmitCase -->
    </test> <!-- sureorder -->
  </suite> <!-- Suite -->
</testng-results>
