<?xml version="1.0" encoding="UTF-8"?>
<!-- Generated by org.testng.reporters.JUnitReportReporter -->
<testsuite ignored="1" hostname="mxy-PC" failures="0" tests="1" name="imooc.runcase.LoginCase" time="9.717" errors="0" timestamp="22 12月 2022 07:58:31 GMT" skipped="0">
  <testcase classname="imooc.runcase.LoginCase" name="TestLoginSucess" time="9.717"/>
  <testcase classname="imooc.runcase.LoginCase" name="TestCase2">
    <skipped/>
  </testcase> <!-- TestCase2 -->
</testsuite> <!-- imooc.runcase.LoginCase -->
